<?xml version="1.0" encoding="UTF-8"?>
<!-- Generated by org.testng.reporters.JUnitReportReporter -->
<testsuite skipped="0" hostname="LapWinX-DAC13" name="com.unifyautomation.testcases.UnifyLoginTest" tests="3" failures="0" timestamp="2021-06-13T10:47:58 IST" time="40.500" errors="0">
  <testcase name="verifyValidAndInvalidLogin" time="17.817" classname="com.unifyautomation.testcases.UnifyLoginTest"/>
  <system-out/>
  <testcase name="verifyValidAndInvalidLogin" time="11.147" classname="com.unifyautomation.testcases.UnifyLoginTest"/>
  <system-out/>
  <testcase name="verifyBrandServiceStatusLogo" time="11.536" classname="com.unifyautomation.testcases.UnifyLoginTest"/>
  <system-out/>
</testsuite> <!-- com.unifyautomation.testcases.UnifyLoginTest -->
