<?xml version="1.0" encoding="UTF-8"?>
<!-- Generated by org.testng.reporters.JUnitReportReporter -->
<testsuite skipped="0" hostname="LapWinX-DAC13" name="com.unifyautomation.testcases.UnifyLaunchpadTest" tests="2" failures="0" timestamp="2021-06-13T10:47:58 IST" time="31.430" errors="0">
  <testcase name="verifyLaunchpadLogo" time="15.642" classname="com.unifyautomation.testcases.UnifyLaunchpadTest"/>
  <system-out/>
  <testcase name="verifyAppLibraryManagementConsoleLinks" time="15.788" classname="com.unifyautomation.testcases.UnifyLaunchpadTest"/>
  <system-out/>
</testsuite> <!-- com.unifyautomation.testcases.UnifyLaunchpadTest -->
