<?xml version="1.0" encoding="UTF-8"?>
<!-- Generated by org.testng.reporters.JUnitReportReporter -->
<testsuite skipped="0" hostname="LapWinX-DAC13" name="com.unifyautomation.testcases.UnifyLaunchpadTest" tests="2" failures="0" timestamp="2021-06-13T17:23:28 IST" time="46.109" errors="0">
  <testcase name="verifyLaunchpadLogo" time="24.576" classname="com.unifyautomation.testcases.UnifyLaunchpadTest"/>
  <system-out/>
  <testcase name="verifyAppLibraryManagementConsoleLinks" time="21.533" classname="com.unifyautomation.testcases.UnifyLaunchpadTest"/>
  <system-out/>
</testsuite> <!-- com.unifyautomation.testcases.UnifyLaunchpadTest -->
