<?xml version="1.0" encoding="UTF-8"?>
<!-- Generated by org.testng.reporters.JUnitReportReporter -->
<testsuite skipped="0" hostname="LapWinX-DAC13" name="com.unifyautomation.testcases.UnifyLoginTest" tests="3" failures="0" timestamp="2021-06-13T17:23:28 IST" time="52.697" errors="0">
  <testcase name="verifyValidAndInvalidLogin" time="22.587" classname="com.unifyautomation.testcases.UnifyLoginTest"/>
  <system-out/>
  <testcase name="verifyValidAndInvalidLogin" time="15.139" classname="com.unifyautomation.testcases.UnifyLoginTest"/>
  <system-out/>
  <testcase name="verifyBrandServiceStatusLogo" time="14.971" classname="com.unifyautomation.testcases.UnifyLoginTest"/>
  <system-out/>
</testsuite> <!-- com.unifyautomation.testcases.UnifyLoginTest -->
